<?xml version="1.0" encoding="UTF-8"?>
<!-- Generated by org.testng.reporters.JUnitReportReporter -->
<testsuite skipped="0" hostname="LAPTOP-P3ME58TE" name="Udemy.RestAssured.JsonPassFromExternal4" tests="1" failures="0" timestamp="05 May 2021 02:18:04 GMT" time="2.385" errors="0">
  <testcase name="addLocation" time="2.385" classname="Udemy.RestAssured.JsonPassFromExternal4"/>
</testsuite> <!-- Udemy.RestAssured.JsonPassFromExternal4 -->
