<?xml version="1.0" encoding="UTF-8"?>
<!-- Generated by org.testng.reporters.JUnitReportReporter -->
<testsuite skipped="0" hostname="LAPTOP-P3ME58TE" name="Udemy.RestAssured.Test7_PojoDeserialization" tests="1" failures="0" timestamp="08 May 2021 04:28:15 GMT" time="2.618" errors="0">
  <testcase name="PojoDeserialization" time="2.618" classname="Udemy.RestAssured.Test7_PojoDeserialization"/>
</testsuite> <!-- Udemy.RestAssured.Test7_PojoDeserialization -->
