<?xml version="1.0" encoding="UTF-8"?>
<!-- Generated by org.testng.reporters.JUnitReportReporter -->
<testsuite skipped="0" hostname="LAPTOP-P3ME58TE" name="Udemy.RestAssured.Test5_JiraApi" tests="1" failures="0" timestamp="07 May 2021 03:19:18 GMT" time="2.955" errors="0">
  <testcase name="addComment" time="2.955" classname="Udemy.RestAssured.Test5_JiraApi"/>
</testsuite> <!-- Udemy.RestAssured.Test5_JiraApi -->
