<?xml version="1.0" encoding="UTF-8"?>
<!-- Generated by org.testng.reporters.JUnitReportReporter -->
<testsuite skipped="0" hostname="LAPTOP-P3ME58TE" name="Udemy.RestAssured.DynamicJson3" tests="6" failures="0" timestamp="05 May 2021 01:55:31 GMT" time="2.725" errors="0">
  <testcase name="addBook" time="0.159" classname="Udemy.RestAssured.DynamicJson3"/>
  <testcase name="deleteBook" time="0.200" classname="Udemy.RestAssured.DynamicJson3"/>
  <testcase name="deleteBook" time="0.143" classname="Udemy.RestAssured.DynamicJson3"/>
  <testcase name="addBook" time="1.915" classname="Udemy.RestAssured.DynamicJson3"/>
  <testcase name="addBook" time="0.149" classname="Udemy.RestAssured.DynamicJson3"/>
  <testcase name="deleteBook" time="0.159" classname="Udemy.RestAssured.DynamicJson3"/>
</testsuite> <!-- Udemy.RestAssured.DynamicJson3 -->
