<?xml version="1.0" encoding="UTF-8"?>
<!-- Generated by org.testng.reporters.JUnitReportReporter -->
<testsuite skipped="0" hostname="LAPTOP-P3ME58TE" name="Udemy.RestAssured.tt" tests="1" failures="0" timestamp="04 May 2021 16:33:47 GMT" time="0.009" errors="0">
  <testcase name="mm" time="0.009" classname="Udemy.RestAssured.tt"/>
</testsuite> <!-- Udemy.RestAssured.tt -->
