<?xml version="1.0" encoding="UTF-8"?>
<!-- Generated by org.testng.reporters.JUnitReportReporter -->
<testsuite skipped="0" hostname="LAPTOP-P3ME58TE" name="Udemy.RestAssured.Test8_PojoSerialization" tests="1" failures="0" timestamp="08 May 2021 06:11:07 GMT" time="2.764" errors="0">
  <testcase name="PojoSerialization" time="2.764" classname="Udemy.RestAssured.Test8_PojoSerialization"/>
</testsuite> <!-- Udemy.RestAssured.Test8_PojoSerialization -->
