<?xml version="1.0" encoding="UTF-8"?>
<!-- Generated by org.testng.reporters.JUnitReportReporter -->
<testsuite skipped="0" hostname="LAPTOP-P3ME58TE" name="Udemy.RestAssured.Test6_Oauth" tests="1" failures="0" timestamp="07 May 2021 13:32:14 GMT" time="2.901" errors="0">
  <testcase name="Oauth" time="2.901" classname="Udemy.RestAssured.Test6_Oauth"/>
</testsuite> <!-- Udemy.RestAssured.Test6_Oauth -->
