<?xml version="1.0" encoding="UTF-8"?>
<!-- Generated by org.testng.reporters.JUnitReportReporter -->
<testsuite skipped="0" hostname="LAPTOP-P3ME58TE" name="Udemy.RestAssured.Test9_SpacBuilder" tests="1" failures="0" timestamp="08 May 2021 07:59:36 GMT" time="1.704" errors="0">
  <testcase name="PojoSerialization" time="1.704" classname="Udemy.RestAssured.Test9_SpacBuilder"/>
</testsuite> <!-- Udemy.RestAssured.Test9_SpacBuilder -->
